C51 COMPILER V9.54   INIT                                                                  09/30/2020 09:58:27 PAGE 1   


C51 COMPILER V9.54, COMPILATION OF MODULE INIT
OBJECT MODULE PLACED IN .\Objects\init.obj
COMPILER INVOKED BY: D:\Program Files\Keil\Keil C51 v9.54\C51\BIN\C51.EXE init.c OPTIMIZE(8,SPEED) BROWSE DEBUG OBJECTEX
                    -TEND PRINT(.\Listings\init.lst) TABS(2) OBJECT(.\Objects\init.obj)

line level    source

   1          #include "init.h"
   2          #include "lcd.h"
   3          #include <stdio.h>
   4          #include <string.h>
   5          #include <stdlib.h>
   6          
   7          /*定时器初始化*/
   8          void TimeInit(void)
   9          {
  10   1        TMOD = 0x21;    //定时器0为方式1，定时器1为方式2
  11   1        TH0  = TimeTH0; // set interval 10ms
  12   1        TL0  = TimeTL0;
  13   1        TR0  = 1;     // launch timer
  14   1          TH1 = 0xFD; //波特率为9600
  15   1          TL1 = 0xFD;
  16   1          SCON = 0x50; //10位UART，允许接收
  17   1          PCON &= 0xEF;
  18   1          TR1 = 1; //启动定时器
  19   1      }
  20          
  21          /*外部中断初始化*/
  22          void Int0Init(void)
  23          {
  24   1          EA = 1;  //总中断
  25   1          EX0 = 1;
  26   1          IT0 = 1;  //下降沿触发中断
  27   1      }
  28          
  29          /*液晶屏初始化*/
  30          void LcdInit(void) {
  31   1            LcdWriteCom(0x38);  // (16,2) display, (5,7) matrix, 8-bit databus
  32   1            LcdWriteCom(0x0c);  // display on | cursor blink & display off
  33   1            LcdWriteCom(0x06);  // upon write: addrp++ | cursor++ | scroll off
  34   1            LcdWriteCom(0x01);  // clear screen
  35   1            LcdWriteCom(0x80);  // define data pointer head
  36   1      }
  37          
  38          /*串行中断初始化*/
  39          void UartInit(void)
  40          {
  41   1        EA = 1;  //总中断
  42   1        ES = 1;  //串行中断
  43   1      }


MODULE INFORMATION:   STATIC OVERLAYABLE
   CODE SIZE        =     63    ----
   CONSTANT SIZE    =   ----    ----
   XDATA SIZE       =   ----    ----
   PDATA SIZE       =   ----    ----
   DATA SIZE        =   ----    ----
   IDATA SIZE       =   ----    ----
   BIT SIZE         =   ----    ----
END OF MODULE INFORMATION.

C51 COMPILER V9.54   INIT                                                                  09/30/2020 09:58:27 PAGE 2   


C51 COMPILATION COMPLETE.  0 WARNING(S),  0 ERROR(S)
