C51 COMPILER V9.54   IR                                                                    09/30/2020 09:58:27 PAGE 1   


C51 COMPILER V9.54, COMPILATION OF MODULE IR
OBJECT MODULE PLACED IN .\Objects\ir.obj
COMPILER INVOKED BY: D:\Program Files\Keil\Keil C51 v9.54\C51\BIN\C51.EXE ir.c OPTIMIZE(8,SPEED) BROWSE DEBUG OBJECTEXTE
                    -ND PRINT(.\Listings\ir.lst) TABS(2) OBJECT(.\Objects\ir.obj)

line level    source

   1          #include <stdio.h>
   2          #include "reg52.h"
   3          #include "ir.h"
   4          
   5          int IsNegedge(bit cur, bit prev) {
   6   1        int res = 0;
   7   1        if(prev && !cur) res = 1;
   8   1        return res;
   9   1      }
  10          
  11          int IsPosedge(bit cur, bit prev) {
  12   1        int res = 0;
  13   1        if(!prev && cur) res = 1;
  14   1        return res;
  15   1      }
  16          


MODULE INFORMATION:   STATIC OVERLAYABLE
   CODE SIZE        =     22    ----
   CONSTANT SIZE    =   ----    ----
   XDATA SIZE       =   ----    ----
   PDATA SIZE       =   ----    ----
   DATA SIZE        =   ----    ----
   IDATA SIZE       =   ----    ----
   BIT SIZE         =   ----       4
END OF MODULE INFORMATION.


C51 COMPILATION COMPLETE.  0 WARNING(S),  0 ERROR(S)
