C51 COMPILER V9.54   MAIN                                                                  09/28/2020 21:25:54 PAGE 1   


C51 COMPILER V9.54, COMPILATION OF MODULE MAIN
OBJECT MODULE PLACED IN .\Objects\main.obj
COMPILER INVOKED BY: D:\Program Files\Keil\Keil C51 v9.54\C51\BIN\C51.EXE main.c OPTIMIZE(8,SPEED) BROWSE DEBUG OBJECTEX
                    -TEND PRINT(.\Listings\main.lst) TABS(2) OBJECT(.\Objects\main.obj)

line level    source

   1          #include <stdio.h>
   2          #include "reg52.h"
   3          
   4          #include "lcd.h"
   5          #include "ir.h"
   6          
   7          void run(){
   8   1        /* variable implemetation */
   9   1        int tmp0 = 1, tmp1 = 1;
  10   1        int cnt0 = 0, cnt1 = 0;
  11   1        int maxnum = 10;
  12   1        /* pin init */
  13   1        led0 = 1;
  14   1        led1 = 1;
  15   1        led2 = 1;
  16   1        led3 = 1;
  17   1      
  18   1        /* loop */
  19   1        while (1){
  20   2          /* alert trigger */
  21   2          if(cnt0 > maxnum && led2){
  22   3            led2 = 0;
  23   3          }
  24   2          if(cnt1 > maxnum && led3){
  25   3            led3 = 0;
  26   3          }
  27   2          /* detect phase */
  28   2          if(led0 && led1){  // receive 1st sensor
  29   3            if(IsNegedge(ir0,tmp0)){
  30   4              led0 = 0;
  31   4            }
  32   3            else if(IsNegedge(ir1,tmp1)){
  33   4              led1 = 0;
  34   4            }
  35   3          }
  36   2          else if(!led0 && led1){  // receive 2nd
  37   3            if(IsPosedge(ir1,tmp1)){
  38   4              led0 = 1;
  39   4              cnt0++;
  40   4            }
  41   3          }
  42   2          else if(led0 && !led1){  // receive 2nd
  43   3            if(IsPosedge(ir0,tmp0)){
  44   4              led1 = 1;
  45   4              cnt1++;
  46   4            }
  47   3          }
  48   2          tmp0 = ir0;  // save status
  49   2          tmp1 = ir1;
  50   2        }
  51   1      }
  52          
  53          void main(){
  54   1          run();
C51 COMPILER V9.54   MAIN                                                                  09/28/2020 21:25:54 PAGE 2   

  55   1      }


MODULE INFORMATION:   STATIC OVERLAYABLE
   CODE SIZE        =    226    ----
   CONSTANT SIZE    =   ----    ----
   XDATA SIZE       =   ----    ----
   PDATA SIZE       =   ----    ----
   DATA SIZE        =   ----      10
   IDATA SIZE       =   ----    ----
   BIT SIZE         =   ----    ----
END OF MODULE INFORMATION.


C51 COMPILATION COMPLETE.  0 WARNING(S),  0 ERROR(S)
