C51 COMPILER V9.54   MAIN                                                                  09/28/2020 17:29:38 PAGE 1   


C51 COMPILER V9.54, COMPILATION OF MODULE MAIN
OBJECT MODULE PLACED IN .\Objects\main.obj
COMPILER INVOKED BY: D:\Program Files\Keil\Keil C51 v9.54\C51\BIN\C51.EXE main.c OPTIMIZE(8,SPEED) BROWSE DEBUG OBJECTEX
                    -TEND PRINT(.\Listings\main.lst) TABS(2) OBJECT(.\Objects\main.obj)

line level    source

   1          #include "reg52.h"
   2          #include "ray.h"
   3          #include <stdio.h>
   4          #include <string.h>
   5          #include <stdlib.h>
   6          
   7          void main()
   8          {
   9   1      
  10   1        int flag = 0, cnt = 0,a = 0;  //cnt为人数，a为循环次数
  11   1        TimeInit();
  12   1        led0 = 1;
  13   1        led1 = 1;
  14   1        led2 = 1;
  15   1        while (1)  // loop
  16   1        {   
  17   2          if(cnt > 10){
  18   3            led1 = 0;
  19   3          }
  20   2          if(!flag){
  21   3            if(!ray){     //检测红外传感器发出的低电平   
  22   4              flag = 1;
  23   4              led0 = ~(led0);
  24   4              cnt++;  //人数加一
  25   4            }
  26   3          }
  27   2          else{
  28   3            if(ray){
  29   4              flag = 0;
  30   4              led0 = ~(led0);
  31   4            }
  32   3          }
  33   2      
  34   2         if (TF0 == 1){       //判断T0是否溢出                 
  35   3           TF0 = 0;           //清零中断标志
  36   3           TH0 = TimeTH0;     //重新赋初值             
  37   3           TL0 = TimeTL0;             
  38   3           a++;              //循环次数加一            
  39   3           if (a >= 1000)   //判断T0溢出是否达到1000次
  40   3            {
  41   4              //Countoutput();  //保存人数，当前时间
  42   4              led2=0;
  43   4              cnt=0;
  44   4              a=0;
  45   4            }
  46   3          }
  47   2        }
  48   1      }


MODULE INFORMATION:   STATIC OVERLAYABLE
   CODE SIZE        =    116    ----
   CONSTANT SIZE    =   ----    ----
   XDATA SIZE       =   ----    ----
C51 COMPILER V9.54   MAIN                                                                  09/28/2020 17:29:38 PAGE 2   

   PDATA SIZE       =   ----    ----
   DATA SIZE        =   ----       6
   IDATA SIZE       =   ----    ----
   BIT SIZE         =   ----    ----
END OF MODULE INFORMATION.


C51 COMPILATION COMPLETE.  0 WARNING(S),  0 ERROR(S)
