C51 COMPILER V9.54   RAY                                                                   09/28/2020 17:29:38 PAGE 1   


C51 COMPILER V9.54, COMPILATION OF MODULE RAY
OBJECT MODULE PLACED IN .\Objects\ray.obj
COMPILER INVOKED BY: D:\Program Files\Keil\Keil C51 v9.54\C51\BIN\C51.EXE ray.c OPTIMIZE(8,SPEED) BROWSE DEBUG OBJECTEXT
                    -END PRINT(.\Listings\ray.lst) TABS(2) OBJECT(.\Objects\ray.obj)

line level    source

   1          #include "ray.h"
   2          #include <stdio.h>
   3          #include <string.h>
   4          #include <stdlib.h>
   5          
   6          /*定时器初始化*/
   7          void TimeInit()
   8          {
   9   1         TMOD = 0x01; //定时器T1模式
  10   1         TH0  = TimeTH0; //定时10ms
  11   1         TL0  = TimeTL0;
  12   1         TR0  = 1;      //启动定时器
  13   1      }


MODULE INFORMATION:   STATIC OVERLAYABLE
   CODE SIZE        =     12    ----
   CONSTANT SIZE    =   ----    ----
   XDATA SIZE       =   ----    ----
   PDATA SIZE       =   ----    ----
   DATA SIZE        =   ----    ----
   IDATA SIZE       =   ----    ----
   BIT SIZE         =   ----    ----
END OF MODULE INFORMATION.


C51 COMPILATION COMPLETE.  0 WARNING(S),  0 ERROR(S)
